<?xml version="1.0" encoding="UTF-8"?>
<!-- Generated by org.testng.reporters.JUnitReportReporter -->
<testsuite hostname="Farzana-PC" failures="0" tests="1" name="testCases.TC_006_EndToEndTest" time="46.899" errors="0" timestamp="2023-11-22T11:47:09 MST" skipped="0">
  <testcase classname="testCases.TC_006_EndToEndTest" name="endToendTest" time="46.899"/>
  <system-out/>
</testsuite> <!-- testCases.TC_006_EndToEndTest -->
