<?xml version="1.0" encoding="UTF-8"?>
<!-- Generated by org.testng.reporters.JUnitReportReporter -->
<testsuite hostname="Farzana-PC" failures="0" tests="2" name="testCases.TC_001_AccountRegistrationTest" time="8.029" errors="0" timestamp="2023-11-03T18:08:23 MDT" skipped="0">
  <testcase classname="testCases.TC_001_AccountRegistrationTest" name="test_account_Registration" time="4.011"/>
  <system-out/>
  <testcase classname="testCases.TC_001_AccountRegistrationTest" name="test_account_Registration" time="4.018"/>
  <system-out/>
</testsuite> <!-- testCases.TC_001_AccountRegistrationTest -->
