<?xml version="1.0" encoding="UTF-8"?>
<!-- Generated by org.testng.reporters.JUnitReportReporter -->
<testsuite hostname="Farzana-PC" failures="0" tests="1" name="testCases.TC_004_SearchProductTest" time="2.220" errors="0" timestamp="2023-11-03T19:12:02 MDT" skipped="0">
  <testcase classname="testCases.TC_004_SearchProductTest" name="test_pruductSearch" time="2.220"/>
  <system-out/>
</testsuite> <!-- testCases.TC_004_SearchProductTest -->
