<?xml version="1.0" encoding="UTF-8"?>
<!-- Generated by org.testng.reporters.JUnitReportReporter -->
<testsuite hostname="Farzana-PC" failures="0" tests="1" name="testCases.TC_005_AddToCartPageTest" time="3.228" errors="0" timestamp="2023-11-03T19:16:41 MDT" skipped="0">
  <testcase classname="testCases.TC_005_AddToCartPageTest" name="test_addToCart" time="3.228"/>
  <system-out/>
</testsuite> <!-- testCases.TC_005_AddToCartPageTest -->
