<?xml version="1.0" encoding="UTF-8"?>
<!-- Generated by org.testng.reporters.JUnitReportReporter -->
<testsuite hostname="Farzana-PC" failures="0" tests="1" name="testCases.TC_002_EndToEndTest" time="42.470" errors="0" timestamp="2023-11-22T12:28:21 MST" skipped="0">
  <testcase classname="testCases.TC_002_EndToEndTest" name="endToendTest" time="42.470"/>
  <system-out/>
</testsuite> <!-- testCases.TC_002_EndToEndTest -->
