<?xml version="1.0" encoding="UTF-8"?>
<!-- Generated by org.testng.reporters.JUnitReportReporter -->
<testsuite hostname="Farzana-PC" failures="0" tests="1" name="testCases.TC_001_AccountRegistrationTest" time="3.991" errors="0" timestamp="2023-11-03T18:40:25 MDT" skipped="0">
  <testcase classname="testCases.TC_001_AccountRegistrationTest" name="test_account_Registration" time="3.991"/>
  <system-out/>
</testsuite> <!-- testCases.TC_001_AccountRegistrationTest -->
